[2019-12-11 20:46:22.591] [exthost] [info] extension host started
[2019-12-11 20:46:22.619] [exthost] [info] ExtensionService#_doActivateExtension vscode.debug-auto-launch {"startup":true,"extensionId":{"value":"vscode.debug-auto-launch","_lower":"vscode.debug-auto-launch"},"activationEvent":"*"}
[2019-12-11 20:46:22.620] [exthost] [info] ExtensionService#loadCommonJSModule file:///usr/share/code/resources/app/extensions/debug-auto-launch/dist/extension
[2019-12-11 20:46:22.624] [exthost] [info] ExtensionService#_doActivateExtension vscode.emmet {"startup":true,"extensionId":{"value":"vscode.emmet","_lower":"vscode.emmet"},"activationEvent":"*"}
[2019-12-11 20:46:22.624] [exthost] [info] ExtensionService#loadCommonJSModule file:///usr/share/code/resources/app/extensions/emmet/dist/extension
[2019-12-11 20:46:22.651] [exthost] [info] ExtensionService#_doActivateExtension vscode.git {"startup":true,"extensionId":{"value":"vscode.git","_lower":"vscode.git"},"activationEvent":"*"}
[2019-12-11 20:46:22.652] [exthost] [info] ExtensionService#loadCommonJSModule file:///usr/share/code/resources/app/extensions/git/dist/main
[2019-12-11 20:46:22.690] [exthost] [info] ExtensionService#_doActivateExtension vscode.merge-conflict {"startup":true,"extensionId":{"value":"vscode.merge-conflict","_lower":"vscode.merge-conflict"},"activationEvent":"*"}
[2019-12-11 20:46:22.690] [exthost] [info] ExtensionService#loadCommonJSModule file:///usr/share/code/resources/app/extensions/merge-conflict/dist/extension
[2019-12-11 20:46:22.694] [exthost] [info] eager extensions activated
[2019-12-11 20:46:36.243] [exthost] [info] extension host started
[2019-12-11 20:46:36.274] [exthost] [info] ExtensionService#_doActivateExtension vscode.debug-auto-launch {"startup":true,"extensionId":{"value":"vscode.debug-auto-launch","_lower":"vscode.debug-auto-launch"},"activationEvent":"*"}
[2019-12-11 20:46:36.275] [exthost] [info] ExtensionService#loadCommonJSModule file:///usr/share/code/resources/app/extensions/debug-auto-launch/dist/extension
[2019-12-11 20:46:36.284] [exthost] [info] ExtensionService#_doActivateExtension vscode.emmet {"startup":true,"extensionId":{"value":"vscode.emmet","_lower":"vscode.emmet"},"activationEvent":"*"}
[2019-12-11 20:46:36.284] [exthost] [info] ExtensionService#loadCommonJSModule file:///usr/share/code/resources/app/extensions/emmet/dist/extension
[2019-12-11 20:46:36.315] [exthost] [info] ExtensionService#_doActivateExtension vscode.git {"startup":true,"extensionId":{"value":"vscode.git","_lower":"vscode.git"},"activationEvent":"*"}
[2019-12-11 20:46:36.315] [exthost] [info] ExtensionService#loadCommonJSModule file:///usr/share/code/resources/app/extensions/git/dist/main
[2019-12-11 20:46:36.338] [exthost] [info] ExtensionService#_doActivateExtension vscode.merge-conflict {"startup":true,"extensionId":{"value":"vscode.merge-conflict","_lower":"vscode.merge-conflict"},"activationEvent":"*"}
[2019-12-11 20:46:36.338] [exthost] [info] ExtensionService#loadCommonJSModule file:///usr/share/code/resources/app/extensions/merge-conflict/dist/extension
[2019-12-11 20:46:36.356] [exthost] [info] eager extensions activated
[2019-12-11 21:05:52.621] [exthost] [info] ExtensionService#_doActivateExtension vscode.php-language-features {"startup":false,"extensionId":{"value":"vscode.php-language-features","_lower":"vscode.php-language-features"},"activationEvent":"onLanguage:php"}
[2019-12-11 21:05:52.622] [exthost] [info] ExtensionService#loadCommonJSModule file:///usr/share/code/resources/app/extensions/php-language-features/dist/phpMain
